# JRE version: OpenJDK Runtime Environment (18.0) (build 18-internal+0-adhoc.aabhinav.jdk)
# Java VM: OpenJDK 64-Bit Server VM (18-internal+0-adhoc.aabhinav.jdk, mixed mode, tiered, serial gc, linux-amd64)
# JRE version: OpenJDK Runtime Environment (18.0) (build 18-internal+0-adhoc.aabhinav.jdk)
# Java VM: OpenJDK 64-Bit Server VM (18-internal+0-adhoc.aabhinav.jdk, mixed mode, tiered, serial gc, linux-amd64)
# JRE version: OpenJDK Runtime Environment (18.0) (build 18-internal+0-adhoc.aabhinav.jdk)
# Java VM: OpenJDK 64-Bit Server VM (18-internal+0-adhoc.aabhinav.jdk, mixed mode, tiered, serial gc, linux-amd64)
# JRE version: OpenJDK Runtime Environment (18.0) (build 18-internal+0-adhoc.aabhinav.jdk)
# Java VM: OpenJDK 64-Bit Server VM (18-internal+0-adhoc.aabhinav.jdk, mixed mode, tiered, serial gc, linux-amd64)
# JRE version: OpenJDK Runtime Environment (18.0) (build 18-internal+0-adhoc.aabhinav.jdk)
# Java VM: OpenJDK 64-Bit Server VM (18-internal+0-adhoc.aabhinav.jdk, mixed mode, tiered, serial gc, linux-amd64)
# JRE version: OpenJDK Runtime Environment (18.0) (build 18-internal+0-adhoc.aabhinav.jdk)
# Java VM: OpenJDK 64-Bit Server VM (18-internal+0-adhoc.aabhinav.jdk, mixed mode, tiered, serial gc, linux-amd64)
# JRE version: OpenJDK Runtime Environment (18.0) (build 18-internal+0-adhoc.aabhinav.jdk)
# Java VM: OpenJDK 64-Bit Server VM (18-internal+0-adhoc.aabhinav.jdk, mixed mode, tiered, serial gc, linux-amd64)
# JRE version: OpenJDK Runtime Environment (18.0) (build 18-internal+0-adhoc.aabhinav.jdk)
# Java VM: OpenJDK 64-Bit Server VM (18-internal+0-adhoc.aabhinav.jdk, mixed mode, tiered, serial gc, linux-amd64)
